Using pre-set license
Built from '2020.3/staging' branch; Version is '2020.3.13f1 (71691879b7f5) revision 7432472'; Using compiler version '192528614'; Build Type 'Release'
OS: 'Windows 10 Home; OS build 19042.1526; Version 2009; 64bit' Language: 'en' Physical Memory: 12055 MB
BatchMode: 1, IsHumanControllingUs: 0, StartBugReporterOnCrash: 0, Is64bit: 1, IsPro: 0

 COMMAND LINE ARGUMENTS:
C:\Program Files\Unity\Editor\Unity.exe
-adb2
-batchMode
-noUpm
-name
AssetImportWorker0
-projectPath
C:/Users/nembu/Documents/GitHub/RideToGotham
-logFile
Logs/AssetImportWorker0.log
-srvPort
54765
Successfully changed project path to: C:/Users/nembu/Documents/GitHub/RideToGotham
C:/Users/nembu/Documents/GitHub/RideToGotham
Using Asset Import Pipeline V2.
Refreshing native plugins compatible for Editor in 74.24 ms, found 2 plugins.
Preloading 0 native plugins for Editor in 0.00 ms.
Initialize engine version: 2020.3.13f1 (71691879b7f5)
[Subsystems] Discovering subsystems at path C:/Program Files/Unity/Editor/Data/Resources/UnitySubsystems
[Subsystems] Discovering subsystems at path C:/Users/nembu/Documents/GitHub/RideToGotham/Assets
GfxDevice: creating device client; threaded=0
Direct3D:
    Version:  Direct3D 11.0 [level 11.1]
    Renderer: Intel(R) Iris(R) Plus Graphics (ID=0x8a52)
    Vendor:   
    VRAM:     6027 MB
    Driver:   27.20.100.9365
Initialize mono
Mono path[0] = 'C:/Program Files/Unity/Editor/Data/Managed'
Mono path[1] = 'C:/Program Files/Unity/Editor/Data/MonoBleedingEdge/lib/mono/unityjit'
Mono config path = 'C:/Program Files/Unity/Editor/Data/MonoBleedingEdge/etc'
Using monoOptions --debugger-agent=transport=dt_socket,embedding=1,server=y,suspend=n,address=127.0.0.1:56796
Begin MonoManager ReloadAssembly
Registering precompiled unity dll's ...
Register platform support module: C:/Program Files/Unity/Editor/Data/PlaybackEngines/WindowsStandaloneSupport/UnityEditor.WindowsStandalone.Extensions.dll
Registered in 0.001539 seconds.
Native extension for WindowsStandalone target not found
Refreshing native plugins compatible for Editor in 69.22 ms, found 2 plugins.
Preloading 0 native plugins for Editor in 0.00 ms.
Mono: successfully reloaded assembly
- Completed reload, in  1.386 seconds
Platform modules already initialized, skipping
Registering precompiled user dll's ...
Registered in 0.004849 seconds.
Begin MonoManager ReloadAssembly
Native extension for WindowsStandalone target not found
Refreshing native plugins compatible for Editor in 0.64 ms, found 2 plugins.
Preloading 0 native plugins for Editor in 0.00 ms.
Mono: successfully reloaded assembly
- Completed reload, in  1.625 seconds
Platform modules already initialized, skipping
========================================================================
Worker process is ready to serve import requests
Launched and connected shader compiler UnityShaderCompiler.exe after 0.07 seconds
Refreshing native plugins compatible for Editor in 0.36 ms, found 2 plugins.
Preloading 0 native plugins for Editor in 0.00 ms.
Unloading 1809 Unused Serialized files (Serialized files now loaded: 0)
System memory in use before: 88.3 MB.
System memory in use after: 88.4 MB.

Unloading 19 unused Assets to reduce memory usage. Loaded Objects now: 2254.
Total: 3.409400 ms (FindLiveObjects: 0.133700 ms CreateObjectMapping: 0.074400 ms MarkObjects: 2.999200 ms  DeleteObjects: 0.200800 ms)

AssetImportParameters requested are different than current active one (requested -> active):
  custom:framework-win-MediaFoundation: 216162199b28c13a410421893ffa2e32 -> 
  custom:video-decoder-ogg-theora: a1e56fd34408186e4bbccfd4996cb3dc -> 
  custom:container-muxer-webm: aa71ff27fc2769a1b78a27578f13a17b -> 
  custom:container-demuxer-webm: 4f35f7cbe854078d1ac9338744f61a02 -> 
  custom:container-demuxer-ogg: 62fdf1f143b41e24485cea50d1cbac27 -> 
  custom:video-encoder-webm-vp8: eb34c28f22e8b96e1ab97ce403110664 -> 
  custom:video-codec-MediaFoundation-h265: 746d11721c4dcdbdad8f713fa42b33f4 -> 
  custom:video-decoder-webm-vp8: 9c59270c3fd7afecdb556c50c9e8de78 -> 
  custom:audio-decoder-ogg-vorbis: bf7c407c2cedff20999df2af8eb42d56 -> 
  custom:audio-encoder-webm-vorbis: bf7c407c2cedff20999df2af8eb42d56 -> 
========================================================================
Received Import Request.
  path: Assets/Scripts/Characters/Dialogue/In Dialogue/Bruce/Bruce2
  artifactKey: Guid(6d9181beedc7fb44bad11260ec379204) Importer(815301076,1909f56bfc062723c751e8b465ee728b)
Start importing Assets/Scripts/Characters/Dialogue/In Dialogue/Bruce/Bruce2 using Guid(6d9181beedc7fb44bad11260ec379204) Importer(815301076,1909f56bfc062723c751e8b465ee728b)  -> (artifact id: '5e9453cd0b3ee6d20a1f2a587e0226ae') in 0.042742 seconds 
  Import took 0.046749 seconds .

========================================================================
Received Import Request.
  Time since last request: 7.883886 seconds.
  path: Assets/Scripts/Characters/Dialogue/In Dialogue/Bruce/Bruce2.json
  artifactKey: Guid(4608a7d77e8a55a40a36e805ba5e2661) Importer(815301076,1909f56bfc062723c751e8b465ee728b)
Start importing Assets/Scripts/Characters/Dialogue/In Dialogue/Bruce/Bruce2.json using Guid(4608a7d77e8a55a40a36e805ba5e2661) Importer(815301076,1909f56bfc062723c751e8b465ee728b)  -> (artifact id: '47839491e06bb3d3b63eaf9940a44502') in 0.053328 seconds 
  Import took 0.059130 seconds .

========================================================================
Received Import Request.
  Time since last request: 3.598477 seconds.
  path: Assets/Scripts/Characters/Dialogue/In Dialogue/Bruce/Bruce
  artifactKey: Guid(449fe093a75d1d04d9e778650d6cfe87) Importer(815301076,1909f56bfc062723c751e8b465ee728b)
Start importing Assets/Scripts/Characters/Dialogue/In Dialogue/Bruce/Bruce using Guid(449fe093a75d1d04d9e778650d6cfe87) Importer(815301076,1909f56bfc062723c751e8b465ee728b)  -> (artifact id: '7bc3d23039a71cf1b5c2226f9d5526fc') in 0.030541 seconds 
  Import took 0.035500 seconds .

========================================================================
Received Import Request.
  Time since last request: 2.910149 seconds.
  path: Assets/Scripts/Characters/Dialogue/In Dialogue/Bruce/Bruce.json
  artifactKey: Guid(c3bcc4127e1ac974dbb2bc0c5996ba35) Importer(815301076,1909f56bfc062723c751e8b465ee728b)
Start importing Assets/Scripts/Characters/Dialogue/In Dialogue/Bruce/Bruce.json using Guid(c3bcc4127e1ac974dbb2bc0c5996ba35) Importer(815301076,1909f56bfc062723c751e8b465ee728b)  -> (artifact id: '4c22acd5c317d00443e746d4f935c836') in 0.029716 seconds 
  Import took 0.035065 seconds .

