Using pre-set license
Built from '2020.3/staging' branch; Version is '2020.3.13f1 (71691879b7f5) revision 7432472'; Using compiler version '192528614'; Build Type 'Release'
OS: 'Windows 10 Home; OS build 19042.1526; Version 2009; 64bit' Language: 'en' Physical Memory: 12055 MB
BatchMode: 1, IsHumanControllingUs: 0, StartBugReporterOnCrash: 0, Is64bit: 1, IsPro: 0

 COMMAND LINE ARGUMENTS:
C:\Program Files\Unity\Editor\Unity.exe
-adb2
-batchMode
-noUpm
-name
AssetImportWorker0
-projectPath
C:/Users/nembu/Documents/GitHub/RideToGotham
-logFile
Logs/AssetImportWorker0.log
-srvPort
62274
Successfully changed project path to: C:/Users/nembu/Documents/GitHub/RideToGotham
C:/Users/nembu/Documents/GitHub/RideToGotham
Using Asset Import Pipeline V2.
Refreshing native plugins compatible for Editor in 36.50 ms, found 2 plugins.
Preloading 0 native plugins for Editor in 0.00 ms.
Initialize engine version: 2020.3.13f1 (71691879b7f5)
[Subsystems] Discovering subsystems at path C:/Program Files/Unity/Editor/Data/Resources/UnitySubsystems
[Subsystems] Discovering subsystems at path C:/Users/nembu/Documents/GitHub/RideToGotham/Assets
GfxDevice: creating device client; threaded=0
Direct3D:
    Version:  Direct3D 11.0 [level 11.1]
    Renderer: Intel(R) Iris(R) Plus Graphics (ID=0x8a52)
    Vendor:   
    VRAM:     6027 MB
    Driver:   27.20.100.9365
Initialize mono
Mono path[0] = 'C:/Program Files/Unity/Editor/Data/Managed'
Mono path[1] = 'C:/Program Files/Unity/Editor/Data/MonoBleedingEdge/lib/mono/unityjit'
Mono config path = 'C:/Program Files/Unity/Editor/Data/MonoBleedingEdge/etc'
Using monoOptions --debugger-agent=transport=dt_socket,embedding=1,server=y,suspend=n,address=127.0.0.1:56280
Begin MonoManager ReloadAssembly
Registering precompiled unity dll's ...
Register platform support module: C:/Program Files/Unity/Editor/Data/PlaybackEngines/WindowsStandaloneSupport/UnityEditor.WindowsStandalone.Extensions.dll
Registered in 0.004041 seconds.
Native extension for WindowsStandalone target not found
Refreshing native plugins compatible for Editor in 71.45 ms, found 2 plugins.
Preloading 0 native plugins for Editor in 0.00 ms.
Mono: successfully reloaded assembly
- Completed reload, in  1.516 seconds
Platform modules already initialized, skipping
Registering precompiled user dll's ...
Registered in 0.003753 seconds.
Begin MonoManager ReloadAssembly
Native extension for WindowsStandalone target not found
Refreshing native plugins compatible for Editor in 0.39 ms, found 2 plugins.
Preloading 0 native plugins for Editor in 0.00 ms.
Mono: successfully reloaded assembly
- Completed reload, in  1.713 seconds
Platform modules already initialized, skipping
========================================================================
Worker process is ready to serve import requests
Launched and connected shader compiler UnityShaderCompiler.exe after 0.05 seconds
Refreshing native plugins compatible for Editor in 0.34 ms, found 2 plugins.
Preloading 0 native plugins for Editor in 0.00 ms.
Unloading 1527 Unused Serialized files (Serialized files now loaded: 0)
System memory in use before: 76.7 MB.
System memory in use after: 76.8 MB.

Unloading 18 unused Assets to reduce memory usage. Loaded Objects now: 1965.
Total: 1.774200 ms (FindLiveObjects: 0.128600 ms CreateObjectMapping: 0.043600 ms MarkObjects: 1.529800 ms  DeleteObjects: 0.070700 ms)

AssetImportParameters requested are different than current active one (requested -> active):
  custom:framework-win-MediaFoundation: 216162199b28c13a410421893ffa2e32 -> 
  custom:video-decoder-ogg-theora: a1e56fd34408186e4bbccfd4996cb3dc -> 
  custom:container-muxer-webm: aa71ff27fc2769a1b78a27578f13a17b -> 
  custom:container-demuxer-webm: 4f35f7cbe854078d1ac9338744f61a02 -> 
  custom:container-demuxer-ogg: 62fdf1f143b41e24485cea50d1cbac27 -> 
  custom:video-encoder-webm-vp8: eb34c28f22e8b96e1ab97ce403110664 -> 
  custom:video-codec-MediaFoundation-h265: 746d11721c4dcdbdad8f713fa42b33f4 -> 
  custom:video-decoder-webm-vp8: 9c59270c3fd7afecdb556c50c9e8de78 -> 
  custom:audio-decoder-ogg-vorbis: bf7c407c2cedff20999df2af8eb42d56 -> 
  custom:audio-encoder-webm-vorbis: bf7c407c2cedff20999df2af8eb42d56 -> 
========================================================================
Received Import Request.
  path: Assets/Models/Desch/n591.png
  artifactKey: Guid(84875d1360d39aa449a73585939cd3f2) Importer(815301076,1909f56bfc062723c751e8b465ee728b)
Start importing Assets/Models/Desch/n591.png using Guid(84875d1360d39aa449a73585939cd3f2) Importer(815301076,1909f56bfc062723c751e8b465ee728b)  -> (artifact id: 'bfe301266dc71ac4a30d87d05e8fbf4d') in 0.079709 seconds 
  Import took 0.082261 seconds .

========================================================================
Received Import Request.
  Time since last request: 0.000177 seconds.
  path: Assets/Models/Desch
  artifactKey: Guid(9c05720da194625419cc4db6252b2186) Importer(815301076,1909f56bfc062723c751e8b465ee728b)
Start importing Assets/Models/Desch using Guid(9c05720da194625419cc4db6252b2186) Importer(815301076,1909f56bfc062723c751e8b465ee728b)  -> (artifact id: 'bf59ea65f08f5a651cafcd56e58b4086') in 0.035006 seconds 
  Import took 0.044653 seconds .

========================================================================
Received Import Request.
  Time since last request: 0.001547 seconds.
  path: Assets/Models/Desch/mouth.png
  artifactKey: Guid(ea875a7da1ae7b748952570661929bbd) Importer(815301076,1909f56bfc062723c751e8b465ee728b)
Start importing Assets/Models/Desch/mouth.png using Guid(ea875a7da1ae7b748952570661929bbd) Importer(815301076,1909f56bfc062723c751e8b465ee728b)  -> (artifact id: '38939ea65097b9dcdd903fdae8b2d29a') in 0.053231 seconds 
  Import took 0.062963 seconds .

========================================================================
Received Import Request.
  Time since last request: 0.001458 seconds.
  path: Assets/Models/Desch/eye.png
  artifactKey: Guid(ec3875a2ea147014a83f4a9ef2594562) Importer(815301076,1909f56bfc062723c751e8b465ee728b)
Start importing Assets/Models/Desch/eye.png using Guid(ec3875a2ea147014a83f4a9ef2594562) Importer(815301076,1909f56bfc062723c751e8b465ee728b)  -> (artifact id: '2084a2551bd657519a5db0f98a7bba2f') in 0.042019 seconds 
  Import took 0.050044 seconds .

========================================================================
Received Import Request.
  Time since last request: 0.000202 seconds.
  path: Assets/Models/Desch/Texture Fix
  artifactKey: Guid(449cea73985554d498aeebf47986f120) Importer(815301076,1909f56bfc062723c751e8b465ee728b)
Start importing Assets/Models/Desch/Texture Fix using Guid(449cea73985554d498aeebf47986f120) Importer(815301076,1909f56bfc062723c751e8b465ee728b)  -> (artifact id: '8ecceb864ac8505b2bfe416e7f4c4fb7') in 0.030544 seconds 
  Import took 0.034449 seconds .

========================================================================
Received Import Request.
  Time since last request: 0.000235 seconds.
  path: Assets/Models/Desch/Materials
  artifactKey: Guid(b4cec5d42e1080246af2dfae1e462002) Importer(815301076,1909f56bfc062723c751e8b465ee728b)
Start importing Assets/Models/Desch/Materials using Guid(b4cec5d42e1080246af2dfae1e462002) Importer(815301076,1909f56bfc062723c751e8b465ee728b)  -> (artifact id: 'cc1e719d9ae3f06c7f04de3d1590eb0f') in 0.045782 seconds 
  Import took 0.051747 seconds .

========================================================================
Received Import Request.
  Time since last request: 0.000203 seconds.
  path: Assets/Models/Desch/Texture Fix/Bruce.blend
  artifactKey: Guid(0cfe0fd5354fa144c8d9a091006829fd) Importer(815301076,1909f56bfc062723c751e8b465ee728b)
Start importing Assets/Models/Desch/Texture Fix/Bruce.blend using Guid(0cfe0fd5354fa144c8d9a091006829fd) Importer(815301076,1909f56bfc062723c751e8b465ee728b)  -> (artifact id: 'e973ff3e5bd492bb54785e9e0f0bffb0') in 0.362732 seconds 
  Import took 0.366687 seconds .

========================================================================
Received Import Request.
  Time since last request: 0.000255 seconds.
  path: Assets/Models/Desch/Texture Fix/Bruce.obj
  artifactKey: Guid(f8f60b7f4bce1b84694090b5118020d8) Importer(815301076,1909f56bfc062723c751e8b465ee728b)
Start importing Assets/Models/Desch/Texture Fix/Bruce.obj using Guid(f8f60b7f4bce1b84694090b5118020d8) Importer(815301076,1909f56bfc062723c751e8b465ee728b)  -> (artifact id: '0b888af986e05036c106f2726007bab7') in 0.178308 seconds 
  Import took 0.181559 seconds .

========================================================================
Received Import Request.
  Time since last request: 0.000292 seconds.
  path: Assets/Models/Desch/Texture Fix/untitled.blend
  artifactKey: Guid(0c14d79304118f94ea949bd0a46bf158) Importer(815301076,1909f56bfc062723c751e8b465ee728b)
Start importing Assets/Models/Desch/Texture Fix/untitled.blend using Guid(0c14d79304118f94ea949bd0a46bf158) Importer(815301076,1909f56bfc062723c751e8b465ee728b)  -> (artifact id: '75d7f833fc07fac6c3acff484624d2a7') in 0.175382 seconds 
  Import took 0.178119 seconds .

========================================================================
Received Import Request.
  Time since last request: 0.000182 seconds.
  path: Assets/Models/Desch/Texture Fix/n591.obj
  artifactKey: Guid(6ad121e594506cb4487aa05589ff302e) Importer(815301076,1909f56bfc062723c751e8b465ee728b)
Start importing Assets/Models/Desch/Texture Fix/n591.obj using Guid(6ad121e594506cb4487aa05589ff302e) Importer(815301076,1909f56bfc062723c751e8b465ee728b)  -> (artifact id: '77dbecf17c0eb035e3060601e5074f1c') in 0.146257 seconds 
  Import took 0.148762 seconds .

========================================================================
Received Import Request.
  Time since last request: 397.010640 seconds.
  path: Assets/Models/Desch/Texture Fix/Bruce.blend
  artifactKey: Guid(0cfe0fd5354fa144c8d9a091006829fd) Importer(815301076,1909f56bfc062723c751e8b465ee728b)
Start importing Assets/Models/Desch/Texture Fix/Bruce.blend using Guid(0cfe0fd5354fa144c8d9a091006829fd) Importer(815301076,1909f56bfc062723c751e8b465ee728b)  -> (artifact id: '957a954c00c466e50143f19d8938b193') in 0.066898 seconds 
  Import took 0.072270 seconds .

========================================================================
Received Import Request.
  Time since last request: 179.351837 seconds.
  path: Assets/Models/Desch/Texture Fix/Bruce.blend
  artifactKey: Guid(0cfe0fd5354fa144c8d9a091006829fd) Importer(815301076,1909f56bfc062723c751e8b465ee728b)
Start importing Assets/Models/Desch/Texture Fix/Bruce.blend using Guid(0cfe0fd5354fa144c8d9a091006829fd) Importer(815301076,1909f56bfc062723c751e8b465ee728b)  -> (artifact id: '54ec5db27fd07dd322f9e19660bff7e4') in 0.061729 seconds 
  Import took 0.065974 seconds .

========================================================================
Received Import Request.
  Time since last request: 192.147233 seconds.
  path: Assets/Models/Desch/Bruce2.blend
  artifactKey: Guid(16e8c24e1b92be0459c558928f9aadbd) Importer(815301076,1909f56bfc062723c751e8b465ee728b)
Start importing Assets/Models/Desch/Bruce2.blend using Guid(16e8c24e1b92be0459c558928f9aadbd) Importer(815301076,1909f56bfc062723c751e8b465ee728b)  -> (artifact id: 'c3226dbe5af1ec6d1f5a3fd7d2973b9a') in 0.104210 seconds 
  Import took 0.110163 seconds .

========================================================================
Received Import Request.
  Time since last request: 380.965962 seconds.
  path: Assets/Models/Desch/Materials/n591.mat
  artifactKey: Guid(d60e67d93cfbca34eaa7960f0fcead08) Importer(815301076,1909f56bfc062723c751e8b465ee728b)
Start importing Assets/Models/Desch/Materials/n591.mat using Guid(d60e67d93cfbca34eaa7960f0fcead08) Importer(815301076,1909f56bfc062723c751e8b465ee728b)  -> (artifact id: 'b19e13be9ada49e4ab0fe625acd08a1b') in 0.037739 seconds 
  Import took 0.042082 seconds .

========================================================================
Received Import Request.
  Time since last request: 2.930972 seconds.
  path: Assets/Models/Desch/Texture Fix/Animations
  artifactKey: Guid(0df669af81a39854bbc2bea9a47fd700) Importer(815301076,1909f56bfc062723c751e8b465ee728b)
Start importing Assets/Models/Desch/Texture Fix/Animations using Guid(0df669af81a39854bbc2bea9a47fd700) Importer(815301076,1909f56bfc062723c751e8b465ee728b)  -> (artifact id: '5b6ab0c45632047d0242808e542ae308') in 0.034955 seconds 
  Import took 0.044799 seconds .

========================================================================
Received Import Request.
  Time since last request: 11.999109 seconds.
  path: Assets/Models/Desch/Texture Fix/untitled.blend1
  artifactKey: Guid(9547d92fe670bc5439e38cd789dbe9f3) Importer(815301076,1909f56bfc062723c751e8b465ee728b)
Start importing Assets/Models/Desch/Texture Fix/untitled.blend1 using Guid(9547d92fe670bc5439e38cd789dbe9f3) Importer(815301076,1909f56bfc062723c751e8b465ee728b)  -> (artifact id: '725df56842c1fa8b9f061cec7fb34bf9') in 0.030104 seconds 
  Import took 0.037891 seconds .

========================================================================
Received Import Request.
  Time since last request: 14.500058 seconds.
  path: Assets/Models/Desch/Texture Fix/n591.mtl
  artifactKey: Guid(5c9794a5feb9be544bfa76b208fda24a) Importer(815301076,1909f56bfc062723c751e8b465ee728b)
Start importing Assets/Models/Desch/Texture Fix/n591.mtl using Guid(5c9794a5feb9be544bfa76b208fda24a) Importer(815301076,1909f56bfc062723c751e8b465ee728b)  -> (artifact id: 'a0480ff15fa54accc23f452371810430') in 0.029282 seconds 
  Import took 0.037396 seconds .

========================================================================
Received Import Request.
  Time since last request: 14.534842 seconds.
  path: Assets/Models/Desch/Texture Fix/Bruce.blend1
  artifactKey: Guid(38bbe0b2ae8538c4c91b52c40f274d8b) Importer(815301076,1909f56bfc062723c751e8b465ee728b)
Start importing Assets/Models/Desch/Texture Fix/Bruce.blend1 using Guid(38bbe0b2ae8538c4c91b52c40f274d8b) Importer(815301076,1909f56bfc062723c751e8b465ee728b)  -> (artifact id: '04670de05e89c54c1677dd7b4830d575') in 0.023860 seconds 
  Import took 0.028136 seconds .

========================================================================
Received Import Request.
  Time since last request: 0.778510 seconds.
  path: Assets/Models/Desch/Texture Fix/Bruce.mtl
  artifactKey: Guid(e533de12fe01ee648b6b1cfa0d484111) Importer(815301076,1909f56bfc062723c751e8b465ee728b)
Start importing Assets/Models/Desch/Texture Fix/Bruce.mtl using Guid(e533de12fe01ee648b6b1cfa0d484111) Importer(815301076,1909f56bfc062723c751e8b465ee728b)  -> (artifact id: 'afd12410e7d36a896f77a4cebdf78393') in 0.031872 seconds 
  Import took 0.037355 seconds .

========================================================================
Received Import Request.
  Time since last request: 12.234820 seconds.
  path: Assets/Models/Desch/Texture Fix/New Animations
  artifactKey: Guid(fb3745607d84e0e4086ede9dc40e72c5) Importer(815301076,1909f56bfc062723c751e8b465ee728b)
Start importing Assets/Models/Desch/Texture Fix/New Animations using Guid(fb3745607d84e0e4086ede9dc40e72c5) Importer(815301076,1909f56bfc062723c751e8b465ee728b)  -> (artifact id: 'e1ac8e196c754a17818b090de6041755') in 0.029622 seconds 
  Import took 0.037178 seconds .

========================================================================
Received Import Request.
  Time since last request: 0.000376 seconds.
  path: Assets/Models/Desch/Texture Fix/New Animations/Bashful.fbx
  artifactKey: Guid(0ddc7520c9facdb4c8aed169f4c2f085) Importer(815301076,1909f56bfc062723c751e8b465ee728b)
Start importing Assets/Models/Desch/Texture Fix/New Animations/Bashful.fbx using Guid(0ddc7520c9facdb4c8aed169f4c2f085) Importer(815301076,1909f56bfc062723c751e8b465ee728b)  -> (artifact id: 'f86332ee3fc60ce1dc6c2ff708349726') in 0.158734 seconds 
  Import took 0.163056 seconds .

========================================================================
Received Import Request.
  Time since last request: 0.000299 seconds.
  path: Assets/Models/Desch/Texture Fix/New Animations/Standard Walk.fbx
  artifactKey: Guid(86f33ad9f38fa584ab30b8cc71c6988a) Importer(815301076,1909f56bfc062723c751e8b465ee728b)
Start importing Assets/Models/Desch/Texture Fix/New Animations/Standard Walk.fbx using Guid(86f33ad9f38fa584ab30b8cc71c6988a) Importer(815301076,1909f56bfc062723c751e8b465ee728b)  -> (artifact id: 'c694891df54f6d317479e34106b3cb9d') in 0.163586 seconds 
  Import took 0.166362 seconds .

========================================================================
Received Import Request.
  Time since last request: 0.000170 seconds.
  path: Assets/Models/Desch/Texture Fix/New Animations/Neutral Idle.fbx
  artifactKey: Guid(a22d3a498d5fa07438afbd9a28484301) Importer(815301076,1909f56bfc062723c751e8b465ee728b)
Start importing Assets/Models/Desch/Texture Fix/New Animations/Neutral Idle.fbx using Guid(a22d3a498d5fa07438afbd9a28484301) Importer(815301076,1909f56bfc062723c751e8b465ee728b)  -> (artifact id: '5f4fd20bd2c8802e813a587d671ace3c') in 0.162204 seconds 
  Import took 0.165246 seconds .

========================================================================
Received Import Request.
  Time since last request: 0.000228 seconds.
  path: Assets/Models/Desch/Texture Fix/New Animations/Looking.fbx
  artifactKey: Guid(97cec886eeabf714bb3f29566966d1d6) Importer(815301076,1909f56bfc062723c751e8b465ee728b)
Start importing Assets/Models/Desch/Texture Fix/New Animations/Looking.fbx using Guid(97cec886eeabf714bb3f29566966d1d6) Importer(815301076,1909f56bfc062723c751e8b465ee728b)  -> (artifact id: 'b8afe17ef5694ff22dc10566d3236f6f') in 0.120949 seconds 
  Import took 0.123632 seconds .

========================================================================
Received Import Request.
  Time since last request: 0.000207 seconds.
  path: Assets/Models/Desch/Texture Fix/New Animations/Looking Behind.fbx
  artifactKey: Guid(869158e1845e28a4ab5344490ccfdf21) Importer(815301076,1909f56bfc062723c751e8b465ee728b)
Start importing Assets/Models/Desch/Texture Fix/New Animations/Looking Behind.fbx using Guid(869158e1845e28a4ab5344490ccfdf21) Importer(815301076,1909f56bfc062723c751e8b465ee728b)  -> (artifact id: 'f33466eca113c785edb5d11684eef2c2') in 0.150128 seconds 
  Import took 0.152950 seconds .

========================================================================
Received Import Request.
  Time since last request: 0.000208 seconds.
  path: Assets/Models/Desch/Texture Fix/New Animations/Clapping.fbx
  artifactKey: Guid(1b35796a639f40247b2f3a1f463c116f) Importer(815301076,1909f56bfc062723c751e8b465ee728b)
Start importing Assets/Models/Desch/Texture Fix/New Animations/Clapping.fbx using Guid(1b35796a639f40247b2f3a1f463c116f) Importer(815301076,1909f56bfc062723c751e8b465ee728b)  -> (artifact id: 'a701262bf815abb395d5f62a9fb5d610') in 0.108595 seconds 
  Import took 0.111839 seconds .

========================================================================
Received Import Request.
  Time since last request: 0.000226 seconds.
  path: Assets/Models/Desch/Texture Fix/New Animations/Acknowledging.fbx
  artifactKey: Guid(6a6966a90c97c7e40999694abfa6efcd) Importer(815301076,1909f56bfc062723c751e8b465ee728b)
Start importing Assets/Models/Desch/Texture Fix/New Animations/Acknowledging.fbx using Guid(6a6966a90c97c7e40999694abfa6efcd) Importer(815301076,1909f56bfc062723c751e8b465ee728b)  -> (artifact id: '91e5f644095b4570a8c07f39a9f3f83c') in 0.151858 seconds 
  Import took 0.155702 seconds .

========================================================================
Received Import Request.
  Time since last request: 77.117747 seconds.
  path: Assets/Models/Desch/Texture Fix/Bruce2.blend
  artifactKey: Guid(8dfc1a8f1d4377846ae292b3f1f0aa9d) Importer(815301076,1909f56bfc062723c751e8b465ee728b)
Start importing Assets/Models/Desch/Texture Fix/Bruce2.blend using Guid(8dfc1a8f1d4377846ae292b3f1f0aa9d) Importer(815301076,1909f56bfc062723c751e8b465ee728b)  -> (artifact id: 'f4465a8cf9e61fc28efa7c713cbcd3d9') in 0.152712 seconds 
  Import took 0.157248 seconds .

AssetImportWorkerClient::OnTransportError - code=2 error=End of file
